<?xml version="1.0" encoding="UTF-8"?>
<!-- Generated by org.testng.reporters.JUnitXMLReporter -->
<testsuite ignored="2" hostname="Sasi" failures="0" tests="2" name="Test" time="0.062" errors="0" timestamp="2023-07-31T08:03:58 IST">
  <testcase classname="TestNG_Group.Invocation" name="test2" time="0.01"/>
  <testcase classname="TestNG_Group.Invocation_1" name="test1" time="0.002"/>
  <testcase classname="TestNG_Group.Invocation" name="test1" time="0.0">
    <ignored/>
  </testcase> <!-- test1 -->
  <testcase classname="TestNG_Group.Invocation_1" name="test2" time="0.0">
    <ignored/>
  </testcase> <!-- test2 -->
</testsuite> <!-- Test -->
